[2022-08-14 13:05:40 +0530] [464233] [INFO] Starting gunicorn 20.1.0
[2022-08-14 13:05:40 +0530] [464233] [INFO] Listening at: http://127.0.0.1:8585 (464233)
[2022-08-14 13:05:40 +0530] [464233] [INFO] Using worker: finance.workers.DynamicUvicornWorker
[2022-08-14 13:05:40 +0530] [464234] [INFO] Booting worker with pid: 464234
[2022-08-14 13:05:40 +0530] [464234] [INFO] Started server process [464234]
[2022-08-14 13:17:15 +0530] [464233] [INFO] Handling signal: term
[2022-08-14 13:17:15 +0530] [464234] [INFO] Shutting down
[2022-08-14 13:17:15 +0530] [464234] [INFO] Error while closing socket [Errno 9] Bad file descriptor
[2022-08-14 13:17:15 +0530] [464234] [INFO] Finished server process [464234]
[2022-08-14 13:17:15 +0530] [464234] [INFO] Worker exiting (pid: 464234)
[2022-08-14 13:17:15 +0530] [464233] [INFO] Shutting down: Master
[2022-08-14 13:17:31 +0530] [464586] [INFO] Starting gunicorn 20.1.0
[2022-08-14 13:17:31 +0530] [464586] [INFO] Listening at: http://127.0.0.1:8585 (464586)
[2022-08-14 13:17:31 +0530] [464586] [INFO] Using worker: finance.workers.DynamicUvicornWorker
[2022-08-14 13:17:31 +0530] [464587] [INFO] Booting worker with pid: 464587
[2022-08-14 13:17:31 +0530] [464587] [INFO] Started server process [464587]
[2022-08-14 13:19:27 +0530] [464586] [INFO] Handling signal: hup
[2022-08-14 13:19:27 +0530] [464586] [INFO] Hang up: Master
[2022-08-14 13:19:27 +0530] [464586] [WARNING] Worker with pid 464587 was terminated due to signal 1
[2022-08-14 13:19:27 +0530] [464617] [INFO] Booting worker with pid: 464617
[2022-08-14 13:19:27 +0530] [464617] [INFO] Started server process [464617]
